<?xml version="1.0" encoding="UTF-8"?>
<testng-results ignored="0" total="1" passed="1" failed="0" skipped="0">
  <reporter-output>
  </reporter-output>
  <suite started-at="2023-02-04T07:33:36Z" name="Default suite" finished-at="2023-02-04T07:34:45Z" duration-ms="69650">
    <groups>
      <group name="cucumber">
        <method signature="AbstractTestNGCucumberTests.runScenario(cucumber.api.testng.PickleEventWrapper, cucumber.api.testng.CucumberFeatureWrapper)[pri:0, instance:Testrunner.TestSuiterunner@560348e6]" name="runScenario" class="cucumber.api.testng.AbstractTestNGCucumberTests"/>
      </group> <!-- cucumber -->
    </groups>
    <test started-at="2023-02-04T07:33:36Z" name="Default test" finished-at="2023-02-04T07:34:45Z" duration-ms="69650">
      <class name="Testrunner.TestSuiterunner">
        <test-method is-config="true" signature="setUpClass()[pri:0, instance:Testrunner.TestSuiterunner@560348e6]" started-at="2023-02-04T07:33:36Z" name="setUpClass" finished-at="2023-02-04T07:33:37Z" duration-ms="1426" status="PASS">
          <reporter-output>
          </reporter-output>
        </test-method> <!-- setUpClass -->
        <test-method signature="runScenario(cucumber.api.testng.PickleEventWrapper, cucumber.api.testng.CucumberFeatureWrapper)[pri:0, instance:Testrunner.TestSuiterunner@560348e6]" started-at="2023-02-04T07:33:37Z" name="runScenario" description="Runs Cucumber Scenarios" data-provider="scenarios" finished-at="2023-02-04T07:34:45Z" duration-ms="67956" status="PASS">
          <params>
            <param index="0">
              <value>
                <![CDATA["verify the Vtiger Login Page"]]>
              </value>
            </param>
            <param index="1">
              <value>
                <![CDATA["Validating Sales page"]]>
              </value>
            </param>
          </params>
          <reporter-output>
          </reporter-output>
        </test-method> <!-- runScenario -->
        <test-method is-config="true" signature="tearDownClass()[pri:0, instance:Testrunner.TestSuiterunner@560348e6]" started-at="2023-02-04T07:34:45Z" name="tearDownClass" finished-at="2023-02-04T07:34:45Z" duration-ms="79" status="PASS">
          <reporter-output>
          </reporter-output>
        </test-method> <!-- tearDownClass -->
      </class> <!-- Testrunner.TestSuiterunner -->
    </test> <!-- Default test -->
  </suite> <!-- Default suite -->
</testng-results>
